<?xml version="1.0" encoding="UTF-8"?>
<!-- Generated by org.testng.reporters.JUnitXMLReporter -->
<testsuite ignored="4" hostname="DESKTOP-AO9PN1L" failures="6" tests="6" name="TestRunner_Firefox" time="72.0" errors="0" timestamp="2024-11-26T11:28:29 IST">
  <testcase classname="smartChainTestCase.Admin" name="addArea" time="4.699">
    <failure type="java.lang.AssertionError" message="Title miss match! expected [Add Area] but found [Add Unit]">
      <![CDATA[java.lang.AssertionError: Title miss match! expected [Add Area] but found [Add Unit]
at com.SCM.assertUtility.Assertutility.verifyTitle(Assertutility.java:33)
at smartChainTestCase.Admin.addArea(Admin.java:100)
at java.base/java.util.ArrayList.forEach(ArrayList.java:1511)
at java.base/java.util.concurrent.FutureTask.run(FutureTask.java:264)
at java.base/java.util.concurrent.ThreadPoolExecutor.runWorker(ThreadPoolExecutor.java:1136)
at java.base/java.util.concurrent.ThreadPoolExecutor$Worker.run(ThreadPoolExecutor.java:635)
at java.base/java.lang.Thread.run(Thread.java:840)
... Removed 23 stack frames]]>
    </failure>
  </testcase> <!-- addArea -->
  <testcase classname="smartChainTestCase.Admin" name="addProduct" time="0.02">
    <failure type="java.lang.AssertionError" message="Title miss match! expected [Login] but found [Add Unit]">
      <![CDATA[java.lang.AssertionError: Title miss match! expected [Login] but found [Add Unit]
at com.SCM.assertUtility.Assertutility.verifyTitle(Assertutility.java:33)
at smartChainTestCase.Admin.addProduct(Admin.java:29)
at java.base/java.util.ArrayList.forEach(ArrayList.java:1511)
at java.base/java.util.concurrent.FutureTask.run(FutureTask.java:264)
at java.base/java.util.concurrent.ThreadPoolExecutor.runWorker(ThreadPoolExecutor.java:1136)
at java.base/java.util.concurrent.ThreadPoolExecutor$Worker.run(ThreadPoolExecutor.java:635)
at java.base/java.lang.Thread.run(Thread.java:840)
... Removed 23 stack frames]]>
    </failure>
  </testcase> <!-- addProduct -->
  <testcase classname="smartChainTestCase.Admin" name="editManageStock" time="0.026">
    <failure type="java.lang.AssertionError" message="Title miss match! expected [Login] but found [Add Unit]">
      <![CDATA[java.lang.AssertionError: Title miss match! expected [Login] but found [Add Unit]
at com.SCM.assertUtility.Assertutility.verifyTitle(Assertutility.java:33)
at smartChainTestCase.Admin.editManageStock(Admin.java:70)
at java.base/java.util.ArrayList.forEach(ArrayList.java:1511)
at java.base/java.util.concurrent.FutureTask.run(FutureTask.java:264)
at java.base/java.util.concurrent.ThreadPoolExecutor.runWorker(ThreadPoolExecutor.java:1136)
at java.base/java.util.concurrent.ThreadPoolExecutor$Worker.run(ThreadPoolExecutor.java:635)
at java.base/java.lang.Thread.run(Thread.java:840)
... Removed 23 stack frames]]>
    </failure>
  </testcase> <!-- editManageStock -->
  <testcase classname="smartChainTestCase.Retailer" name="order_Manufacturer" time="3.64">
    <failure type="org.openqa.selenium.ElementClickInterceptedException" message="Element &amp;lt;input id=&amp;quot;btnSubmit&amp;quot; class=&amp;quot;submit_button&amp;quot; type=&amp;quot;submit&amp;quot;&amp;gt; is not clickable at point (406,715) because another element &amp;lt;div&amp;gt; obscures it
Build info: version: &amp;apos;4.12.0&amp;apos;, revision: &amp;apos;249f2a7d1b*&amp;apos;
System info: os.name: &amp;apos;Windows 11&amp;apos;, os.arch: &amp;apos;amd64&amp;apos;, os.version: &amp;apos;10.0&amp;apos;, java.version: &amp;apos;17.0.10&amp;apos;
Driver info: org.openqa.selenium.firefox.FirefoxDriver
Command: [596d795d-5b84-4c3d-ae36-298b3f303db6, clickElement {id=72856dc2-ec35-464d-b283-f250db55b6b4}]
Capabilities {acceptInsecureCerts: true, browserName: firefox, browserVersion: 132.0.2, moz:accessibilityChecks: false, moz:buildID: 20241110231641, moz:geckodriverVersion: 0.35.0, moz:headless: false, moz:platformVersion: 10.0, moz:processID: 27004, moz:profile: C:\Users\Ranjith\AppData\Lo..., moz:shutdownTimeout: 60000, moz:webdriverClick: true, moz:windowless: false, pageLoadStrategy: normal, platformName: windows, proxy: Proxy(), setWindowRect: true, strictFileInteractability: false, timeouts: {implicit: 0, pageLoad: 300000, script: 30000}, unhandledPromptBehavior: dismiss and notify, userAgent: Mozilla/5.0 (Windows NT 10....}
Element: [[FirefoxDriver: firefox on windows (596d795d-5b84-4c3d-ae36-298b3f303db6)] -&amp;gt; xpath: //input[@value=&amp;apos;Post Order&amp;apos;]]
Session ID: 596d795d-5b84-4c3d-ae36-298b3f303db6">
      <![CDATA[org.openqa.selenium.ElementClickInterceptedException: Element <input id="btnSubmit" class="submit_button" type="submit"> is not clickable at point (406,715) because another element <div> obscures it
Build info: version: '4.12.0', revision: '249f2a7d1b*'
System info: os.name: 'Windows 11', os.arch: 'amd64', os.version: '10.0', java.version: '17.0.10'
Driver info: org.openqa.selenium.firefox.FirefoxDriver
Command: [596d795d-5b84-4c3d-ae36-298b3f303db6, clickElement {id=72856dc2-ec35-464d-b283-f250db55b6b4}]
Capabilities {acceptInsecureCerts: true, browserName: firefox, browserVersion: 132.0.2, moz:accessibilityChecks: false, moz:buildID: 20241110231641, moz:geckodriverVersion: 0.35.0, moz:headless: false, moz:platformVersion: 10.0, moz:processID: 27004, moz:profile: C:\Users\Ranjith\AppData\Lo..., moz:shutdownTimeout: 60000, moz:webdriverClick: true, moz:windowless: false, pageLoadStrategy: normal, platformName: windows, proxy: Proxy(), setWindowRect: true, strictFileInteractability: false, timeouts: {implicit: 0, pageLoad: 300000, script: 30000}, unhandledPromptBehavior: dismiss and notify, userAgent: Mozilla/5.0 (Windows NT 10....}
Element: [[FirefoxDriver: firefox on windows (596d795d-5b84-4c3d-ae36-298b3f303db6)] -> xpath: //input[@value='Post Order']]
Session ID: 596d795d-5b84-4c3d-ae36-298b3f303db6
at org.openqa.selenium.remote.codec.w3c.W3CHttpResponseCodec.createException(W3CHttpResponseCodec.java:200)
at org.openqa.selenium.remote.codec.w3c.W3CHttpResponseCodec.decode(W3CHttpResponseCodec.java:133)
at org.openqa.selenium.remote.codec.w3c.W3CHttpResponseCodec.decode(W3CHttpResponseCodec.java:52)
at org.openqa.selenium.remote.HttpCommandExecutor.execute(HttpCommandExecutor.java:191)
at org.openqa.selenium.remote.service.DriverCommandExecutor.invokeExecute(DriverCommandExecutor.java:196)
at org.openqa.selenium.remote.service.DriverCommandExecutor.execute(DriverCommandExecutor.java:171)
at org.openqa.selenium.remote.RemoteWebDriver.execute(RemoteWebDriver.java:602)
at org.openqa.selenium.remote.RemoteWebElement.execute(RemoteWebElement.java:224)
at org.openqa.selenium.remote.RemoteWebElement.click(RemoteWebElement.java:77)
at org.openqa.selenium.support.pagefactory.internal.LocatingElementHandler.invoke(LocatingElementHandler.java:51)
at jdk.proxy2/jdk.proxy2.$Proxy20.click(Unknown Source)
at com.smart.ObjectRepository.OrderItemsPage.placeOrder(OrderItemsPage.java:34)
at smartChainTestCase.Retailer.order_Manufacturer(Retailer.java:32)
at java.base/java.util.ArrayList.forEach(ArrayList.java:1511)
at java.base/java.util.concurrent.FutureTask.run(FutureTask.java:264)
at java.base/java.util.concurrent.ThreadPoolExecutor.runWorker(ThreadPoolExecutor.java:1136)
at java.base/java.util.concurrent.ThreadPoolExecutor$Worker.run(ThreadPoolExecutor.java:635)
at java.base/java.lang.Thread.run(Thread.java:840)
... Removed 27 stack frames]]>
    </failure>
  </testcase> <!-- order_Manufacturer -->
  <testcase classname="smartChainTestCase.Retailer" name="retailer_myorders" time="0.024">
    <failure type="java.lang.AssertionError" message="Title miss match! expected [Login] but found [Order Items]">
      <![CDATA[java.lang.AssertionError: Title miss match! expected [Login] but found [Order Items]
at com.SCM.assertUtility.Assertutility.verifyTitle(Assertutility.java:33)
at smartChainTestCase.Retailer.retailer_myorders(Retailer.java:45)
at java.base/java.util.ArrayList.forEach(ArrayList.java:1511)
at java.base/java.util.concurrent.FutureTask.run(FutureTask.java:264)
at java.base/java.util.concurrent.ThreadPoolExecutor.runWorker(ThreadPoolExecutor.java:1136)
at java.base/java.util.concurrent.ThreadPoolExecutor$Worker.run(ThreadPoolExecutor.java:635)
at java.base/java.lang.Thread.run(Thread.java:840)
... Removed 23 stack frames]]>
    </failure>
  </testcase> <!-- retailer_myorders -->
  <testcase classname="smartChainTestCase.Manufacturer" name="manageStock" time="8.743">
    <failure type="java.lang.AssertionError" message="Title miss match! expected [Add Product] but found []">
      <![CDATA[java.lang.AssertionError: Title miss match! expected [Add Product] but found []
at com.SCM.assertUtility.Assertutility.verifyTitle(Assertutility.java:33)
at smartChainTestCase.Manufacturer.manageStock(Manufacturer.java:44)
at java.base/java.util.ArrayList.forEach(ArrayList.java:1511)
at java.base/java.util.concurrent.FutureTask.run(FutureTask.java:264)
at java.base/java.util.concurrent.ThreadPoolExecutor.runWorker(ThreadPoolExecutor.java:1136)
at java.base/java.util.concurrent.ThreadPoolExecutor$Worker.run(ThreadPoolExecutor.java:635)
at java.base/java.lang.Thread.run(Thread.java:840)
... Removed 23 stack frames]]>
    </failure>
  </testcase> <!-- manageStock -->
  <testcase classname="com.SCM.Basetest.BaseClass" name="@BeforeSuite connectToDB" time="0.0">
    <ignored/>
  </testcase> <!-- @BeforeSuite connectToDB -->
  <testcase classname="com.SCM.Basetest.BaseClass" name="@BeforeSuite connectToDB" time="0.0">
    <ignored/>
  </testcase> <!-- @BeforeSuite connectToDB -->
  <testcase classname="com.SCM.Basetest.BaseClass" name="@AfterSuite closeDB" time="0.0">
    <ignored/>
  </testcase> <!-- @AfterSuite closeDB -->
  <testcase classname="com.SCM.Basetest.BaseClass" name="@AfterSuite closeDB" time="0.0">
    <ignored/>
  </testcase> <!-- @AfterSuite closeDB -->
</testsuite> <!-- TestRunner_Firefox -->
